<?xml version="1.0" encoding="UTF-8"?>
<!-- Generated by org.testng.reporters.JUnitXMLReporter -->
<testsuite ignored="0" hostname="bharaths-mbp.kpn" failures="0" tests="3" name="Default test" time="6.547" errors="0" timestamp="2024-05-29T14:06:30 CEST">
  <testcase classname="com.OpenCart.tests.LoginPageTests" name="login" time="0.461"/>
  <testcase classname="com.OpenCart.tests.LoginPageTests" name="forgotPasswordLinkVisibility" time="0.009"/>
  <testcase classname="com.OpenCart.tests.LoginPageTests" name="appLoginTest" time="0.774"/>
</testsuite> <!-- Default test -->
