<?xml version="1.0" encoding="UTF-8"?>
<!-- Generated by org.testng.reporters.JUnitXMLReporter -->
<testsuite ignored="0" hostname="bharaths-mbp.kpn" failures="0" tests="3" name="Open Cart Login Page Test" time="5.93" errors="0" timestamp="2024-05-29T16:41:44 CEST">
  <testcase classname="com.OpenCart.tests.LoginPageTests" name="login" time="0.378"/>
  <testcase classname="com.OpenCart.tests.LoginPageTests" name="forgotPasswordLinkVisibility" time="0.009"/>
  <testcase classname="com.OpenCart.tests.LoginPageTests" name="appLoginTest" time="0.628"/>
</testsuite> <!-- Open Cart Login Page Test -->
